<?xml version="1.0" encoding="UTF-8"?>
<!-- Generated by org.testng.reporters.JUnitReportReporter -->
<testsuite skipped="0" hostname="HP-PC" name="com.sampledemo.pagefactory.testcase.loginPageTestcase" tests="2" failures="0" timestamp="28 Nov 2019 02:27:40 GMT" time="37.661" errors="0">
  <testcase name="validLogin" time="28.253" classname="com.sampledemo.pagefactory.testcase.loginPageTestcase"/>
  <testcase name="dataVerificationinLogin" time="9.408" classname="com.sampledemo.pagefactory.testcase.loginPageTestcase"/>
</testsuite> <!-- com.sampledemo.pagefactory.testcase.loginPageTestcase -->
