<?xml version="1.0" encoding="UTF-8"?>
<!-- Generated by org.testng.reporters.JUnitReportReporter -->
<testsuite skipped="0" hostname="HP-PC" name="Test.project1.signOnPageTestcase" tests="4" failures="0" timestamp="24 Nov 2019 14:18:00 GMT" time="37.815" errors="0">
  <testcase name="navigationOfSignOnPage" time="6.564" classname="Test.project1.signOnPageTestcase"/>
  <testcase name="lengthOfTextbox" time="9.084" classname="Test.project1.signOnPageTestcase"/>
  <testcase name="contentVerification" time="14.402" classname="Test.project1.signOnPageTestcase"/>
  <testcase name="formatOfContent" time="7.765" classname="Test.project1.signOnPageTestcase"/>
</testsuite> <!-- Test.project1.signOnPageTestcase -->
