<?xml version="1.0" encoding="UTF-8"?>
<!-- Generated by org.testng.reporters.JUnitReportReporter -->
<testsuite skipped="0" hostname="HP-PC" name="Test.project1.excelFunction" tests="1" failures="0" timestamp="25 Nov 2019 01:14:12 GMT" time="1.155" errors="0">
  <testcase name="mains" time="1.155" classname="Test.project1.excelFunction"/>
</testsuite> <!-- Test.project1.excelFunction -->
