<?xml version="1.0" encoding="UTF-8"?>
<!-- Generated by org.testng.reporters.JUnitReportReporter -->
<testsuite skipped="0" hostname="HP-PC" name="com.sampledemo.pagefactory.testcase.signOnPageTestcase" tests="4" failures="0" timestamp="28 Nov 2019 02:27:39 GMT" time="28.867" errors="0">
  <testcase name="navigationOfSignOnPage" time="6.859" classname="com.sampledemo.pagefactory.testcase.signOnPageTestcase"/>
  <testcase name="lengthOfTextbox" time="6.983" classname="com.sampledemo.pagefactory.testcase.signOnPageTestcase"/>
  <testcase name="contentVerification" time="7.732" classname="com.sampledemo.pagefactory.testcase.signOnPageTestcase"/>
  <testcase name="formatOfContent" time="7.293" classname="com.sampledemo.pagefactory.testcase.signOnPageTestcase"/>
</testsuite> <!-- com.sampledemo.pagefactory.testcase.signOnPageTestcase -->
