<?xml version="1.0" encoding="UTF-8"?>
<!-- Generated by org.testng.reporters.JUnitReportReporter -->
<testsuite skipped="0" hostname="HP-PC" name="Test.project1.flightFinderPageTestcase" tests="1" failures="0" timestamp="25 Nov 2019 01:35:30 GMT" time="22.297" errors="0">
  <testcase name="selection" time="22.297" classname="Test.project1.flightFinderPageTestcase"/>
</testsuite> <!-- Test.project1.flightFinderPageTestcase -->
