<?xml version="1.0" encoding="UTF-8"?>
<!-- Generated by org.testng.reporters.JUnitReportReporter -->
<testsuite skipped="0" hostname="HP-PC" name="com.sampledemo.pagefactory.testcase.registerPageTestcase" tests="3" failures="0" timestamp="28 Nov 2019 02:27:39 GMT" time="88.152" errors="0">
  <testcase name="registration" time="26.141" classname="com.sampledemo.pagefactory.testcase.registerPageTestcase"/>
  <testcase name="registration" time="31.482" classname="com.sampledemo.pagefactory.testcase.registerPageTestcase"/>
  <testcase name="registration" time="30.529" classname="com.sampledemo.pagefactory.testcase.registerPageTestcase"/>
</testsuite> <!-- com.sampledemo.pagefactory.testcase.registerPageTestcase -->
